2016-10-16 22:07:05,500 - MaiaService.BL.InsertAttendanceInfo - ERROR - (_mysql_exceptions.IntegrityError) (1062, "Duplicate entry 'M001-2016-10-16' for key 'PRIMARY'") [SQL: u'INSERT INTO attendances (dispatch_id, date, employee_id, start_time, report_start_time, start_longitude, start_latitude, start_spot_name, end_time, report_end_time, end_longitude, end_latitude, end_spot_name, exclusive_minutes, total_minutes, vacation_id, modification_log, create_by, create_at, update_by, update_at) VALUES (%s, %s, %s, %s, %s, %s, %s, %s, %s, %s, %s, %s, %s, %s, %s, %s, %s, %s, %s, %s, %s)'] [parameters: ('M001', datetime.datetime(2016, 10, 16, 22, 7, 5, 499346), 'MA00001', datetime.datetime(2016, 10, 16, 22, 7, 5, 499359), None, u'35.67', u'139.84', '\xe6\x9d\xb1\xe4\xba\xac\xe9\x83\xbd\xe6\xb1\x9f\xe6\x9d\xb1\xe3\x81\x8f', None, None, None, None, None, None, None, None, None, 'MA00001', datetime.datetime(2016, 10, 16, 22, 7, 5, 499539), 'MA00001', datetime.datetime(2016, 10, 16, 22, 7, 5, 499554))]
2016-10-19 20:14:03,194 - MaiaService.Utility.UserAuth - INFO - verify_password() start.
2016-10-19 20:14:03,196 - MaiaService.Utility.UserAuth - INFO - verify_auth_token() start.
2016-10-19 20:14:03,475 - MaiaService.Entity.Users - INFO - update_user() start.
2016-10-19 20:14:03,479 - MaiaService.Entity.Users - INFO - update_user() end.
2016-10-19 20:14:03,481 - MaiaService.Utility.UserAuth - INFO - User: [yaochenxu ]Longin Successful.
2016-10-19 20:14:03,481 - MaiaService.Utility.UserAuth - INFO - verify_password() end.
2016-10-19 20:14:03,481 - MaiaService.BL.InsertAttendanceInfo - INFO - put_attendance_info() start.
2016-10-19 20:14:03,491 - MaiaService.Entity.Attendances - INFO - add_attendances() start.
2016-10-19 20:14:03,499 - MaiaService.BL.InsertAttendanceInfo - ERROR - (_mysql_exceptions.IntegrityError) (1062, "Duplicate entry 'M001-2016-10-19' for key 'PRIMARY'") [SQL: u'INSERT INTO attendances (dispatch_id, date, employee_id, start_time, report_start_time, start_longitude, start_latitude, start_spot_name, end_time, report_end_time, end_longitude, end_latitude, end_spot_name, exclusive_minutes, total_minutes, vacation_id, modification_log, create_by, create_at, update_by, update_at) VALUES (%s, %s, %s, %s, %s, %s, %s, %s, %s, %s, %s, %s, %s, %s, %s, %s, %s, %s, %s, %s, %s)'] [parameters: ('M001', datetime.datetime(2016, 10, 19, 20, 14, 3, 491349), 'MA00001', datetime.datetime(2016, 10, 19, 20, 14, 3, 491362), None, u'35.67', u'139.84', '\xe6\x9d\xb1\xe4\xba\xac\xe9\x83\xbd\xe6\xb1\x9f\xe6\x9d\xb1\xe3\x81\x8f', None, None, None, None, None, None, None, None, None, 'MA00001', datetime.datetime(2016, 10, 19, 20, 14, 3, 491612), 'MA00001', datetime.datetime(2016, 10, 19, 20, 14, 3, 491629))]
2016-10-19 20:14:24,596 - MaiaService.Utility.UserAuth - INFO - verify_password() start.
2016-10-19 20:14:24,596 - MaiaService.Utility.UserAuth - INFO - verify_auth_token() start.
2016-10-19 20:14:24,782 - MaiaService.Entity.Users - INFO - update_user() start.
2016-10-19 20:14:24,784 - MaiaService.Entity.Users - INFO - update_user() end.
2016-10-19 20:14:24,786 - MaiaService.Utility.UserAuth - INFO - User: [yaochenxu ]Longin Successful.
2016-10-19 20:14:24,786 - MaiaService.Utility.UserAuth - INFO - verify_password() end.
2016-10-19 20:14:24,786 - MaiaService.BL.InsertAttendanceInfo - INFO - put_attendance_info() start.
2016-10-19 20:14:24,789 - MaiaService.Entity.Attendances - INFO - add_attendances() start.
2016-10-19 20:14:24,789 - MaiaService.BL.InsertAttendanceInfo - ERROR - This Session's transaction has been rolled back due to a previous exception during flush. To begin a new transaction with this Session, first issue Session.rollback(). Original exception was: (_mysql_exceptions.IntegrityError) (1062, "Duplicate entry 'M001-2016-10-19' for key 'PRIMARY'") [SQL: u'INSERT INTO attendances (dispatch_id, date, employee_id, start_time, report_start_time, start_longitude, start_latitude, start_spot_name, end_time, report_end_time, end_longitude, end_latitude, end_spot_name, exclusive_minutes, total_minutes, vacation_id, modification_log, create_by, create_at, update_by, update_at) VALUES (%s, %s, %s, %s, %s, %s, %s, %s, %s, %s, %s, %s, %s, %s, %s, %s, %s, %s, %s, %s, %s)'] [parameters: ('M001', datetime.datetime(2016, 10, 19, 20, 14, 3, 491349), 'MA00001', datetime.datetime(2016, 10, 19, 20, 14, 3, 491362), None, u'35.67', u'139.84', '\xe6\x9d\xb1\xe4\xba\xac\xe9\x83\xbd\xe6\xb1\x9f\xe6\x9d\xb1\xe3\x81\x8f', None, None, None, None, None, None, None, None, None, 'MA00001', datetime.datetime(2016, 10, 19, 20, 14, 3, 491612), 'MA00001', datetime.datetime(2016, 10, 19, 20, 14, 3, 491629))]
2016-10-19 20:16:16,015 - MaiaService.Utility.UserAuth - INFO - verify_password() start.
2016-10-19 20:16:16,015 - MaiaService.Utility.UserAuth - INFO - verify_auth_token() start.
2016-10-19 20:16:16,313 - MaiaService.Entity.Users - INFO - update_user() start.
2016-10-19 20:16:16,316 - MaiaService.Entity.Users - INFO - update_user() end.
2016-10-19 20:16:16,318 - MaiaService.Utility.UserAuth - INFO - User: [yaochenxu ]Longin Successful.
2016-10-19 20:16:16,318 - MaiaService.Utility.UserAuth - INFO - verify_password() end.
2016-10-19 20:16:16,318 - MaiaService.BL.InsertAttendanceInfo - INFO - put_attendance_info() start.
2016-10-19 20:16:16,327 - MaiaService.Entity.Attendances - INFO - add_attendances() start.
2016-10-19 20:16:16,338 - MaiaService.Entity.Attendances - INFO - add_attendances() end.
2016-10-19 20:16:16,338 - MaiaService.BL.InsertAttendanceInfo - INFO - put_attendance_info() end.
2016-10-19 20:16:37,038 - MaiaService.Utility.UserAuth - INFO - verify_password() start.
2016-10-19 20:16:37,038 - MaiaService.Utility.UserAuth - INFO - verify_auth_token() start.
2016-10-19 20:16:37,260 - MaiaService.Entity.Users - INFO - update_user() start.
2016-10-19 20:16:37,264 - MaiaService.Entity.Users - INFO - update_user() end.
2016-10-19 20:16:37,266 - MaiaService.Utility.UserAuth - INFO - User: [yaochenxu ]Longin Successful.
2016-10-19 20:16:37,266 - MaiaService.Utility.UserAuth - INFO - verify_password() end.
2016-10-19 20:18:04,706 - MaiaService.Utility.UserAuth - INFO - verify_password() start.
2016-10-19 20:18:04,706 - MaiaService.Utility.UserAuth - INFO - verify_auth_token() start.
2016-10-19 20:18:04,967 - MaiaService.Entity.Users - INFO - update_user() start.
2016-10-19 20:18:04,970 - MaiaService.Entity.Users - INFO - update_user() end.
2016-10-19 20:18:04,972 - MaiaService.Utility.UserAuth - INFO - User: [yaochenxu ]Longin Successful.
2016-10-19 20:18:04,972 - MaiaService.Utility.UserAuth - INFO - verify_password() end.
2016-10-19 20:18:04,972 - MaiaService.BL.UpdateAttendanceInfo - INFO - modify_attendance_info() start.
2016-10-19 20:18:04,981 - MaiaService.Entity.Attendances - INFO - update_attendances() start.
2016-10-19 20:18:04,984 - MaiaService.Entity.Attendances - INFO - update_attendances() end.
2016-10-19 20:18:04,984 - MaiaService.BL.UpdateAttendanceInfo - INFO - modify_attendance_info() end.
2016-10-19 20:21:49,245 - MaiaService.Utility.UserAuth - INFO - verify_password() start.
2016-10-19 20:21:49,245 - MaiaService.Utility.UserAuth - INFO - verify_auth_token() start.
2016-10-19 20:21:49,428 - MaiaService.Entity.Users - INFO - update_user() start.
2016-10-19 20:21:49,430 - MaiaService.Entity.Users - INFO - update_user() end.
2016-10-19 20:21:49,432 - MaiaService.Utility.UserAuth - INFO - User: [yaochenxu ]Longin Successful.
2016-10-19 20:21:49,432 - MaiaService.Utility.UserAuth - INFO - verify_password() end.
2016-10-19 20:21:49,432 - MaiaService.BL.UpdateAttendanceInfo - INFO - modify_attendance_info() start.
2016-10-19 20:21:49,436 - MaiaService.Entity.Attendances - INFO - update_attendances() start.
2016-10-19 20:21:49,438 - MaiaService.Entity.Attendances - INFO - update_attendances() end.
2016-10-19 20:21:49,438 - MaiaService.BL.UpdateAttendanceInfo - INFO - modify_attendance_info() end.
2016-10-19 20:24:15,517 - MaiaService.Utility.UserAuth - INFO - verify_password() start.
2016-10-19 20:24:15,517 - MaiaService.Utility.UserAuth - INFO - verify_auth_token() start.
2016-10-19 20:24:15,687 - MaiaService.Entity.Users - INFO - update_user() start.
2016-10-19 20:24:15,691 - MaiaService.Entity.Users - INFO - update_user() end.
2016-10-19 20:24:15,693 - MaiaService.Utility.UserAuth - INFO - User: [yaochenxu ]Longin Successful.
2016-10-19 20:24:15,693 - MaiaService.Utility.UserAuth - INFO - verify_password() end.
2016-10-19 20:24:15,693 - MaiaService.BL.UpdateAttendanceInfo - INFO - modify_attendance_info() start.
2016-10-19 20:24:15,696 - MaiaService.Entity.Attendances - INFO - update_attendances() start.
2016-10-19 20:24:15,698 - MaiaService.Entity.Attendances - INFO - update_attendances() end.
2016-10-19 20:24:15,698 - MaiaService.BL.UpdateAttendanceInfo - INFO - modify_attendance_info() end.
2016-10-19 20:24:21,632 - MaiaService.Utility.UserAuth - INFO - verify_password() start.
2016-10-19 20:24:21,632 - MaiaService.Utility.UserAuth - INFO - verify_auth_token() start.
2016-10-19 20:24:21,794 - MaiaService.Entity.Users - INFO - update_user() start.
2016-10-19 20:24:21,796 - MaiaService.Entity.Users - INFO - update_user() end.
2016-10-19 20:24:21,798 - MaiaService.Utility.UserAuth - INFO - User: [yaochenxu ]Longin Successful.
2016-10-19 20:24:21,798 - MaiaService.Utility.UserAuth - INFO - verify_password() end.
2016-10-19 20:24:21,798 - MaiaService.BL.UpdateAttendanceInfo - INFO - modify_attendance_info() start.
2016-10-19 20:24:21,801 - MaiaService.Entity.Attendances - INFO - update_attendances() start.
2016-10-19 20:24:21,803 - MaiaService.Entity.Attendances - INFO - update_attendances() end.
2016-10-19 20:24:21,803 - MaiaService.BL.UpdateAttendanceInfo - INFO - modify_attendance_info() end.
2016-10-19 20:24:32,490 - MaiaService.Utility.UserAuth - INFO - verify_password() start.
2016-10-19 20:24:32,490 - MaiaService.Utility.UserAuth - INFO - verify_auth_token() start.
2016-10-19 20:24:32,648 - MaiaService.Entity.Users - INFO - update_user() start.
2016-10-19 20:24:32,650 - MaiaService.Entity.Users - INFO - update_user() end.
2016-10-19 20:24:32,652 - MaiaService.Utility.UserAuth - INFO - User: [yaochenxu ]Longin Successful.
2016-10-19 20:24:32,652 - MaiaService.Utility.UserAuth - INFO - verify_password() end.
2016-10-19 20:24:32,653 - MaiaService.BL.InsertAttendanceInfo - INFO - put_attendance_info() start.
2016-10-19 20:24:32,661 - MaiaService.Entity.Attendances - INFO - add_attendances() start.
2016-10-19 20:24:32,663 - MaiaService.BL.InsertAttendanceInfo - ERROR - (_mysql_exceptions.IntegrityError) (1062, "Duplicate entry 'M001-2016-10-19' for key 'PRIMARY'") [SQL: u'INSERT INTO attendances (dispatch_id, date, employee_id, start_time, report_start_time, start_longitude, start_latitude, start_spot_name, end_time, report_end_time, end_longitude, end_latitude, end_spot_name, exclusive_minutes, total_minutes, vacation_id, modification_log, create_by, create_at, update_by, update_at) VALUES (%s, %s, %s, %s, %s, %s, %s, %s, %s, %s, %s, %s, %s, %s, %s, %s, %s, %s, %s, %s, %s)'] [parameters: ('M001', datetime.datetime(2016, 10, 19, 20, 24, 32, 661498), 'MA00001', datetime.datetime(2016, 10, 19, 20, 24, 32, 661510), None, u'35.67', u'139.84', '\xe6\x9d\xb1\xe4\xba\xac\xe9\x83\xbd\xe6\xb1\x9f\xe6\x9d\xb1\xe3\x81\x8f', None, None, None, None, None, None, None, None, None, 'MA00001', datetime.datetime(2016, 10, 19, 20, 24, 32, 661691), 'MA00001', datetime.datetime(2016, 10, 19, 20, 24, 32, 661707))]
2016-10-19 20:25:02,707 - MaiaService.Utility.UserAuth - INFO - verify_password() start.
2016-10-19 20:25:02,708 - MaiaService.Utility.UserAuth - INFO - verify_auth_token() start.
2016-10-19 20:25:02,880 - MaiaService.Entity.Users - INFO - update_user() start.
2016-10-19 20:25:02,881 - MaiaService.Entity.Users - INFO - update_user() end.
2016-10-19 20:25:02,884 - MaiaService.Utility.UserAuth - INFO - User: [yaochenxu ]Longin Successful.
2016-10-19 20:25:02,884 - MaiaService.Utility.UserAuth - INFO - verify_password() end.
2016-10-19 20:25:02,884 - MaiaService.BL.InsertAttendanceInfo - INFO - put_attendance_info() start.
2016-10-19 20:25:02,888 - MaiaService.Entity.Attendances - INFO - add_attendances() start.
2016-10-19 20:25:02,888 - MaiaService.BL.InsertAttendanceInfo - ERROR - This Session's transaction has been rolled back due to a previous exception during flush. To begin a new transaction with this Session, first issue Session.rollback(). Original exception was: (_mysql_exceptions.IntegrityError) (1062, "Duplicate entry 'M001-2016-10-19' for key 'PRIMARY'") [SQL: u'INSERT INTO attendances (dispatch_id, date, employee_id, start_time, report_start_time, start_longitude, start_latitude, start_spot_name, end_time, report_end_time, end_longitude, end_latitude, end_spot_name, exclusive_minutes, total_minutes, vacation_id, modification_log, create_by, create_at, update_by, update_at) VALUES (%s, %s, %s, %s, %s, %s, %s, %s, %s, %s, %s, %s, %s, %s, %s, %s, %s, %s, %s, %s, %s)'] [parameters: ('M001', datetime.datetime(2016, 10, 19, 20, 24, 32, 661498), 'MA00001', datetime.datetime(2016, 10, 19, 20, 24, 32, 661510), None, u'35.67', u'139.84', '\xe6\x9d\xb1\xe4\xba\xac\xe9\x83\xbd\xe6\xb1\x9f\xe6\x9d\xb1\xe3\x81\x8f', None, None, None, None, None, None, None, None, None, 'MA00001', datetime.datetime(2016, 10, 19, 20, 24, 32, 661691), 'MA00001', datetime.datetime(2016, 10, 19, 20, 24, 32, 661707))]
2016-10-19 20:26:10,356 - MaiaService.Utility.UserAuth - INFO - verify_password() start.
2016-10-19 20:26:10,357 - MaiaService.Utility.UserAuth - INFO - verify_auth_token() start.
2016-10-19 20:26:10,630 - MaiaService.Entity.Users - INFO - update_user() start.
2016-10-19 20:26:10,634 - MaiaService.Entity.Users - INFO - update_user() end.
2016-10-19 20:26:10,636 - MaiaService.Utility.UserAuth - INFO - User: [yaochenxu ]Longin Successful.
2016-10-19 20:26:10,636 - MaiaService.Utility.UserAuth - INFO - verify_password() end.
2016-10-19 20:26:10,636 - MaiaService.BL.InsertAttendanceInfo - INFO - put_attendance_info() start.
2016-10-19 20:26:10,645 - MaiaService.Entity.Attendances - INFO - add_attendances() start.
2016-10-19 20:26:10,654 - MaiaService.Entity.Attendances - INFO - add_attendances() end.
2016-10-19 20:26:10,655 - MaiaService.BL.InsertAttendanceInfo - INFO - put_attendance_info() end.
2016-10-19 20:26:23,351 - MaiaService.Utility.UserAuth - INFO - verify_password() start.
2016-10-19 20:26:23,351 - MaiaService.Utility.UserAuth - INFO - verify_auth_token() start.
2016-10-19 20:26:23,524 - MaiaService.Entity.Users - INFO - update_user() start.
2016-10-19 20:26:23,526 - MaiaService.Entity.Users - INFO - update_user() end.
2016-10-19 20:26:23,527 - MaiaService.Utility.UserAuth - INFO - User: [yaochenxu ]Longin Successful.
2016-10-19 20:26:23,527 - MaiaService.Utility.UserAuth - INFO - verify_password() end.
2016-10-19 20:26:23,528 - MaiaService.BL.InsertAttendanceInfo - INFO - put_attendance_info() start.
2016-10-19 20:26:23,532 - MaiaService.Entity.Attendances - INFO - add_attendances() start.
2016-10-19 20:26:23,533 - MaiaService.BL.InsertAttendanceInfo - ERROR - (_mysql_exceptions.IntegrityError) (1062, "Duplicate entry 'M001-2016-10-19' for key 'PRIMARY'") [SQL: u'INSERT INTO attendances (dispatch_id, date, employee_id, start_time, report_start_time, start_longitude, start_latitude, start_spot_name, end_time, report_end_time, end_longitude, end_latitude, end_spot_name, exclusive_minutes, total_minutes, vacation_id, modification_log, create_by, create_at, update_by, update_at) VALUES (%s, %s, %s, %s, %s, %s, %s, %s, %s, %s, %s, %s, %s, %s, %s, %s, %s, %s, %s, %s, %s)'] [parameters: ('M001', datetime.datetime(2016, 10, 19, 20, 26, 23, 532197), 'MA00001', datetime.datetime(2016, 10, 19, 20, 26, 23, 532209), None, u'35.67', u'139.84', '\xe6\x9d\xb1\xe4\xba\xac\xe9\x83\xbd\xe6\xb1\x9f\xe6\x9d\xb1\xe3\x81\x8f', None, None, None, None, None, None, None, None, None, 'MA00001', datetime.datetime(2016, 10, 19, 20, 26, 23, 532408), 'MA00001', datetime.datetime(2016, 10, 19, 20, 26, 23, 532428))]
2016-10-19 20:26:37,024 - MaiaService.Utility.UserAuth - INFO - verify_password() start.
2016-10-19 20:26:37,024 - MaiaService.Utility.UserAuth - INFO - verify_auth_token() start.
2016-10-19 20:26:37,192 - MaiaService.Entity.Users - INFO - update_user() start.
2016-10-19 20:26:37,196 - MaiaService.Entity.Users - INFO - update_user() end.
2016-10-19 20:26:37,198 - MaiaService.Utility.UserAuth - INFO - User: [yaochenxu ]Longin Successful.
2016-10-19 20:26:37,198 - MaiaService.Utility.UserAuth - INFO - verify_password() end.
2016-10-19 20:26:37,198 - MaiaService.BL.InsertAttendanceInfo - INFO - put_attendance_info() start.
2016-10-19 20:26:37,203 - MaiaService.BL.InsertAttendanceInfo - ERROR - This Session's transaction has been rolled back due to a previous exception during flush. To begin a new transaction with this Session, first issue Session.rollback(). Original exception was: (_mysql_exceptions.IntegrityError) (1062, "Duplicate entry 'M001-2016-10-19' for key 'PRIMARY'") [SQL: u'INSERT INTO attendances (dispatch_id, date, employee_id, start_time, report_start_time, start_longitude, start_latitude, start_spot_name, end_time, report_end_time, end_longitude, end_latitude, end_spot_name, exclusive_minutes, total_minutes, vacation_id, modification_log, create_by, create_at, update_by, update_at) VALUES (%s, %s, %s, %s, %s, %s, %s, %s, %s, %s, %s, %s, %s, %s, %s, %s, %s, %s, %s, %s, %s)'] [parameters: ('M001', datetime.datetime(2016, 10, 19, 20, 26, 23, 532197), 'MA00001', datetime.datetime(2016, 10, 19, 20, 26, 23, 532209), None, u'35.67', u'139.84', '\xe6\x9d\xb1\xe4\xba\xac\xe9\x83\xbd\xe6\xb1\x9f\xe6\x9d\xb1\xe3\x81\x8f', None, None, None, None, None, None, None, None, None, 'MA00001', datetime.datetime(2016, 10, 19, 20, 26, 23, 532408), 'MA00001', datetime.datetime(2016, 10, 19, 20, 26, 23, 532428))]
2016-10-19 20:27:16,095 - MaiaService.Utility.UserAuth - INFO - verify_password() start.
2016-10-19 20:27:16,095 - MaiaService.Utility.UserAuth - INFO - verify_auth_token() start.
2016-10-19 20:27:16,279 - MaiaService.Entity.Users - INFO - update_user() start.
2016-10-19 20:27:16,280 - MaiaService.Entity.Users - INFO - update_user() end.
2016-10-19 20:27:16,282 - MaiaService.Utility.UserAuth - INFO - User: [yaochenxu ]Longin Successful.
2016-10-19 20:27:16,282 - MaiaService.Utility.UserAuth - INFO - verify_password() end.
2016-10-19 20:27:16,282 - MaiaService.BL.InsertAttendanceInfo - INFO - put_attendance_info() start.
2016-10-19 20:27:16,285 - MaiaService.BL.InsertAttendanceInfo - ERROR - This Session's transaction has been rolled back due to a previous exception during flush. To begin a new transaction with this Session, first issue Session.rollback(). Original exception was: (_mysql_exceptions.IntegrityError) (1062, "Duplicate entry 'M001-2016-10-19' for key 'PRIMARY'") [SQL: u'INSERT INTO attendances (dispatch_id, date, employee_id, start_time, report_start_time, start_longitude, start_latitude, start_spot_name, end_time, report_end_time, end_longitude, end_latitude, end_spot_name, exclusive_minutes, total_minutes, vacation_id, modification_log, create_by, create_at, update_by, update_at) VALUES (%s, %s, %s, %s, %s, %s, %s, %s, %s, %s, %s, %s, %s, %s, %s, %s, %s, %s, %s, %s, %s)'] [parameters: ('M001', datetime.datetime(2016, 10, 19, 20, 26, 23, 532197), 'MA00001', datetime.datetime(2016, 10, 19, 20, 26, 23, 532209), None, u'35.67', u'139.84', '\xe6\x9d\xb1\xe4\xba\xac\xe9\x83\xbd\xe6\xb1\x9f\xe6\x9d\xb1\xe3\x81\x8f', None, None, None, None, None, None, None, None, None, 'MA00001', datetime.datetime(2016, 10, 19, 20, 26, 23, 532408), 'MA00001', datetime.datetime(2016, 10, 19, 20, 26, 23, 532428))]
2016-10-19 20:31:09,113 - MaiaService.Utility.UserAuth - INFO - verify_password() start.
2016-10-19 20:31:09,113 - MaiaService.Utility.UserAuth - INFO - verify_auth_token() start.
2016-10-19 20:31:09,519 - MaiaService.Entity.Users - INFO - update_user() start.
2016-10-19 20:31:09,523 - MaiaService.Entity.Users - INFO - update_user() end.
2016-10-19 20:31:09,525 - MaiaService.Utility.UserAuth - INFO - User: [yaochenxu ]Longin Successful.
2016-10-19 20:31:09,525 - MaiaService.Utility.UserAuth - INFO - verify_password() end.
2016-10-19 20:31:09,525 - MaiaService.BL.InsertAttendanceInfo - INFO - put_attendance_info() start.
2016-10-19 20:31:09,534 - MaiaService.BL.InsertAttendanceInfo - ERROR - add_attendances() takes exactly 1 argument (2 given)
2016-10-19 20:33:57,161 - MaiaService.Utility.UserAuth - INFO - verify_password() start.
2016-10-19 20:33:57,162 - MaiaService.Utility.UserAuth - INFO - verify_auth_token() start.
2016-10-19 20:33:57,452 - MaiaService.Entity.Users - INFO - update_user() start.
2016-10-19 20:33:57,455 - MaiaService.Entity.Users - INFO - update_user() end.
2016-10-19 20:33:57,457 - MaiaService.Utility.UserAuth - INFO - User: [yaochenxu ]Longin Successful.
2016-10-19 20:33:57,457 - MaiaService.Utility.UserAuth - INFO - verify_password() end.
2016-10-19 20:33:57,457 - MaiaService.BL.InsertAttendanceInfo - INFO - put_attendance_info() start.
2016-10-19 20:33:57,466 - MaiaService.Entity.Attendances - INFO - add_attendances() start.
2016-10-19 20:33:57,474 - MaiaService.Entity.Attendances - INFO - add_attendances() end.
2016-10-19 20:33:57,474 - MaiaService.BL.InsertAttendanceInfo - INFO - put_attendance_info() end.
2016-10-19 20:33:58,762 - MaiaService.Utility.UserAuth - INFO - verify_password() start.
2016-10-19 20:33:58,762 - MaiaService.Utility.UserAuth - INFO - verify_auth_token() start.
2016-10-19 20:33:58,941 - MaiaService.Entity.Users - INFO - update_user() start.
2016-10-19 20:33:58,943 - MaiaService.Entity.Users - INFO - update_user() end.
2016-10-19 20:33:58,945 - MaiaService.Utility.UserAuth - INFO - User: [yaochenxu ]Longin Successful.
2016-10-19 20:33:58,945 - MaiaService.Utility.UserAuth - INFO - verify_password() end.
2016-10-19 20:33:58,945 - MaiaService.BL.InsertAttendanceInfo - INFO - put_attendance_info() start.
2016-10-19 20:33:58,951 - MaiaService.Entity.Attendances - INFO - add_attendances() start.
2016-10-19 20:33:58,952 - MaiaService.Entity.Attendances - INFO - add_attendances() end.
2016-10-19 20:33:58,953 - MaiaService.BL.InsertAttendanceInfo - INFO - put_attendance_info() end.
2016-10-19 20:34:09,659 - MaiaService.Utility.UserAuth - INFO - verify_password() start.
2016-10-19 20:34:09,660 - MaiaService.Utility.UserAuth - INFO - verify_auth_token() start.
2016-10-19 20:34:09,855 - MaiaService.Entity.Users - INFO - update_user() start.
2016-10-19 20:34:09,857 - MaiaService.Entity.Users - INFO - update_user() end.
2016-10-19 20:34:09,858 - MaiaService.Utility.UserAuth - INFO - User: [yaochenxu ]Longin Successful.
2016-10-19 20:34:09,859 - MaiaService.Utility.UserAuth - INFO - verify_password() end.
2016-10-19 20:34:09,859 - MaiaService.BL.InsertAttendanceInfo - INFO - put_attendance_info() start.
2016-10-19 20:34:09,861 - MaiaService.Entity.Attendances - INFO - add_attendances() start.
2016-10-19 20:34:09,863 - MaiaService.Entity.Attendances - INFO - add_attendances() end.
2016-10-19 20:34:09,863 - MaiaService.BL.InsertAttendanceInfo - INFO - put_attendance_info() end.
2016-10-19 20:34:35,826 - MaiaService.Utility.UserAuth - INFO - verify_password() start.
2016-10-19 20:34:35,827 - MaiaService.Utility.UserAuth - INFO - verify_auth_token() start.
2016-10-19 20:34:35,990 - MaiaService.Entity.Users - INFO - update_user() start.
2016-10-19 20:34:35,992 - MaiaService.Entity.Users - INFO - update_user() end.
2016-10-19 20:34:35,994 - MaiaService.Utility.UserAuth - INFO - User: [yaochenxu ]Longin Successful.
2016-10-19 20:34:35,994 - MaiaService.Utility.UserAuth - INFO - verify_password() end.
2016-10-19 20:34:35,994 - MaiaService.BL.InsertAttendanceInfo - INFO - put_attendance_info() start.
2016-10-19 20:34:35,997 - MaiaService.Entity.Attendances - INFO - add_attendances() start.
2016-10-19 20:34:35,999 - MaiaService.Entity.Attendances - INFO - add_attendances() end.
2016-10-19 20:34:36,000 - MaiaService.BL.InsertAttendanceInfo - INFO - put_attendance_info() end.
2016-10-19 20:35:01,106 - MaiaService.Utility.UserAuth - INFO - verify_password() start.
2016-10-19 20:35:01,106 - MaiaService.Utility.UserAuth - INFO - verify_auth_token() start.
2016-10-19 20:35:01,272 - MaiaService.Entity.Users - INFO - update_user() start.
2016-10-19 20:35:01,274 - MaiaService.Entity.Users - INFO - update_user() end.
2016-10-19 20:35:01,276 - MaiaService.Utility.UserAuth - INFO - User: [yaochenxu ]Longin Successful.
2016-10-19 20:35:01,276 - MaiaService.Utility.UserAuth - INFO - verify_password() end.
2016-10-19 20:35:01,276 - MaiaService.BL.InsertAttendanceInfo - INFO - put_attendance_info() start.
2016-10-19 20:35:01,279 - MaiaService.Entity.Attendances - INFO - add_attendances() start.
2016-10-19 20:35:01,281 - MaiaService.Entity.Attendances - INFO - add_attendances() end.
2016-10-19 20:35:01,281 - MaiaService.BL.InsertAttendanceInfo - INFO - put_attendance_info() end.
2016-10-19 20:38:17,070 - MaiaService.Utility.UserAuth - INFO - verify_password() start.
2016-10-19 20:38:17,070 - MaiaService.Utility.UserAuth - INFO - verify_auth_token() start.
2016-10-19 20:38:17,358 - MaiaService.Entity.Users - INFO - update_user() start.
2016-10-19 20:38:17,361 - MaiaService.Entity.Users - INFO - update_user() end.
2016-10-19 20:38:17,364 - MaiaService.Utility.UserAuth - INFO - User: [yaochenxu ]Longin Successful.
2016-10-19 20:38:17,364 - MaiaService.Utility.UserAuth - INFO - verify_password() end.
2016-10-19 20:38:17,364 - MaiaService.BL.InsertAttendanceInfo - INFO - put_attendance_info() start.
2016-10-19 20:38:17,378 - MaiaService.Entity.Attendances - INFO - add_attendances() start.
2016-10-19 20:38:17,387 - MaiaService.BL.InsertAttendanceInfo - ERROR - (_mysql_exceptions.IntegrityError) (1062, "Duplicate entry 'M001-2016-10-19' for key 'PRIMARY'") [SQL: u'INSERT INTO attendances (dispatch_id, date, employee_id, start_time, report_start_time, start_longitude, start_latitude, start_spot_name, end_time, report_end_time, end_longitude, end_latitude, end_spot_name, exclusive_minutes, total_minutes, vacation_id, modification_log, create_by, create_at, update_by, update_at) VALUES (%s, %s, %s, %s, %s, %s, %s, %s, %s, %s, %s, %s, %s, %s, %s, %s, %s, %s, %s, %s, %s)'] [parameters: ('M001', datetime.datetime(2016, 10, 19, 20, 38, 17, 377668), 'MA00001', datetime.datetime(2016, 10, 19, 20, 38, 17, 377686), None, u'35.67', u'139.84', '\xe6\x9d\xb1\xe4\xba\xac\xe9\x83\xbd\xe6\xb1\x9f\xe6\x9d\xb1\xe3\x81\x8f', None, None, None, None, None, None, None, None, None, 'MA00001', datetime.datetime(2016, 10, 19, 20, 38, 17, 377967), 'MA00001', datetime.datetime(2016, 10, 19, 20, 38, 17, 377986))]
2016-10-19 20:38:33,699 - MaiaService.Utility.UserAuth - INFO - verify_password() start.
2016-10-19 20:38:33,699 - MaiaService.Utility.UserAuth - INFO - verify_auth_token() start.
2016-10-19 20:38:33,862 - MaiaService.Entity.Users - INFO - update_user() start.
2016-10-19 20:38:33,864 - MaiaService.Entity.Users - INFO - update_user() end.
2016-10-19 20:38:33,867 - MaiaService.Utility.UserAuth - INFO - User: [yaochenxu ]Longin Successful.
2016-10-19 20:38:33,868 - MaiaService.Utility.UserAuth - INFO - verify_password() end.
2016-10-19 20:38:33,868 - MaiaService.BL.InsertAttendanceInfo - INFO - put_attendance_info() start.
2016-10-19 20:38:33,874 - MaiaService.Entity.Attendances - INFO - add_attendances() start.
2016-10-19 20:38:33,876 - MaiaService.Entity.Attendances - INFO - add_attendances() end.
2016-10-19 20:38:33,877 - MaiaService.BL.InsertAttendanceInfo - INFO - put_attendance_info() end.
2016-10-19 20:38:38,332 - MaiaService.Utility.UserAuth - INFO - verify_password() start.
2016-10-19 20:38:38,332 - MaiaService.Utility.UserAuth - INFO - verify_auth_token() start.
2016-10-19 20:38:38,496 - MaiaService.Entity.Users - INFO - update_user() start.
2016-10-19 20:38:38,499 - MaiaService.Entity.Users - INFO - update_user() end.
2016-10-19 20:38:38,501 - MaiaService.Utility.UserAuth - INFO - User: [yaochenxu ]Longin Successful.
2016-10-19 20:38:38,501 - MaiaService.Utility.UserAuth - INFO - verify_password() end.
2016-10-19 20:38:38,501 - MaiaService.BL.InsertAttendanceInfo - INFO - put_attendance_info() start.
2016-10-19 20:38:38,505 - MaiaService.Entity.Attendances - INFO - add_attendances() start.
2016-10-19 20:38:38,506 - MaiaService.BL.InsertAttendanceInfo - ERROR - (_mysql_exceptions.IntegrityError) (1062, "Duplicate entry 'M001-2016-10-19' for key 'PRIMARY'") [SQL: u'INSERT INTO attendances (dispatch_id, date, employee_id, start_time, report_start_time, start_longitude, start_latitude, start_spot_name, end_time, report_end_time, end_longitude, end_latitude, end_spot_name, exclusive_minutes, total_minutes, vacation_id, modification_log, create_by, create_at, update_by, update_at) VALUES (%s, %s, %s, %s, %s, %s, %s, %s, %s, %s, %s, %s, %s, %s, %s, %s, %s, %s, %s, %s, %s)'] [parameters: ('M001', datetime.datetime(2016, 10, 19, 20, 38, 38, 505005), 'MA00001', datetime.datetime(2016, 10, 19, 20, 38, 38, 505017), None, u'35.67', u'139.84', '\xe6\x9d\xb1\xe4\xba\xac\xe9\x83\xbd\xe6\xb1\x9f\xe6\x9d\xb1\xe3\x81\x8f', None, None, None, None, None, None, None, None, None, 'MA00001', datetime.datetime(2016, 10, 19, 20, 38, 38, 505225), 'MA00001', datetime.datetime(2016, 10, 19, 20, 38, 38, 505252))]
2016-10-19 20:38:47,299 - MaiaService.Utility.UserAuth - INFO - verify_password() start.
2016-10-19 20:38:47,299 - MaiaService.Utility.UserAuth - INFO - verify_auth_token() start.
2016-10-19 20:38:47,489 - MaiaService.Entity.Users - INFO - update_user() start.
2016-10-19 20:38:47,491 - MaiaService.Entity.Users - INFO - update_user() end.
2016-10-19 20:38:47,493 - MaiaService.Utility.UserAuth - INFO - User: [yaochenxu ]Longin Successful.
2016-10-19 20:38:47,494 - MaiaService.Utility.UserAuth - INFO - verify_password() end.
2016-10-19 20:38:47,494 - MaiaService.BL.InsertAttendanceInfo - INFO - put_attendance_info() start.
2016-10-19 20:38:47,497 - MaiaService.Entity.Attendances - INFO - add_attendances() start.
2016-10-19 20:38:47,500 - MaiaService.Entity.Attendances - INFO - add_attendances() end.
2016-10-19 20:38:47,500 - MaiaService.BL.InsertAttendanceInfo - INFO - put_attendance_info() end.
2016-10-19 20:38:48,974 - MaiaService.Utility.UserAuth - INFO - verify_password() start.
2016-10-19 20:38:48,974 - MaiaService.Utility.UserAuth - INFO - verify_auth_token() start.
2016-10-19 20:38:49,153 - MaiaService.Entity.Users - INFO - update_user() start.
2016-10-19 20:38:49,156 - MaiaService.Entity.Users - INFO - update_user() end.
2016-10-19 20:38:49,158 - MaiaService.Utility.UserAuth - INFO - User: [yaochenxu ]Longin Successful.
2016-10-19 20:38:49,158 - MaiaService.Utility.UserAuth - INFO - verify_password() end.
2016-10-19 20:38:49,158 - MaiaService.BL.InsertAttendanceInfo - INFO - put_attendance_info() start.
2016-10-19 20:38:49,161 - MaiaService.Entity.Attendances - INFO - add_attendances() start.
2016-10-19 20:38:49,162 - MaiaService.BL.InsertAttendanceInfo - ERROR - (_mysql_exceptions.IntegrityError) (1062, "Duplicate entry 'M001-2016-10-19' for key 'PRIMARY'") [SQL: u'INSERT INTO attendances (dispatch_id, date, employee_id, start_time, report_start_time, start_longitude, start_latitude, start_spot_name, end_time, report_end_time, end_longitude, end_latitude, end_spot_name, exclusive_minutes, total_minutes, vacation_id, modification_log, create_by, create_at, update_by, update_at) VALUES (%s, %s, %s, %s, %s, %s, %s, %s, %s, %s, %s, %s, %s, %s, %s, %s, %s, %s, %s, %s, %s)'] [parameters: ('M001', datetime.datetime(2016, 10, 19, 20, 38, 49, 161338), 'MA00001', datetime.datetime(2016, 10, 19, 20, 38, 49, 161349), None, u'35.67', u'139.84', '\xe6\x9d\xb1\xe4\xba\xac\xe9\x83\xbd\xe6\xb1\x9f\xe6\x9d\xb1\xe3\x81\x8f', None, None, None, None, None, None, None, None, None, 'MA00001', datetime.datetime(2016, 10, 19, 20, 38, 49, 161518), 'MA00001', datetime.datetime(2016, 10, 19, 20, 38, 49, 161532))]
2016-10-19 22:36:32,544 - MaiaService.Utility.UserAuth - INFO - verify_password() start.
2016-10-19 22:36:32,545 - MaiaService.Utility.UserAuth - INFO - verify_auth_token() start.
2016-10-19 22:36:33,114 - MaiaService.Entity.Users - INFO - update_user() start.
2016-10-19 22:36:33,117 - MaiaService.Entity.Users - INFO - update_user() end.
2016-10-19 22:36:33,119 - MaiaService.Utility.UserAuth - INFO - User: [yaochenxu ]Longin Successful.
2016-10-19 22:36:33,119 - MaiaService.Utility.UserAuth - INFO - verify_password() end.
2016-10-19 22:36:33,120 - MaiaService.BL.CreateUser - INFO - create_user() start.
2016-10-19 22:36:33,262 - MaiaService.Entity.Users - INFO - save_user() start.
2016-10-19 22:36:33,265 - MaiaService.Entity.Users - INFO - save_user() end.
2016-10-19 22:36:33,266 - MaiaService.BL.CreateUser - INFO - create_user() end.
2016-10-19 22:37:02,884 - MaiaService.Utility.UserAuth - INFO - verify_password() start.
2016-10-19 22:37:02,884 - MaiaService.Utility.UserAuth - INFO - verify_auth_token() start.
2016-10-19 22:37:03,035 - MaiaService.Entity.Users - INFO - update_user() start.
2016-10-19 22:37:03,038 - MaiaService.Entity.Users - INFO - update_user() end.
2016-10-19 22:37:03,039 - MaiaService.Utility.UserAuth - INFO - User: [yaochenxu ]Longin Successful.
2016-10-19 22:37:03,040 - MaiaService.Utility.UserAuth - INFO - verify_password() end.
2016-10-19 22:37:03,040 - MaiaService.Utility.UserAuth - INFO - generate_auth_token() start.
2016-10-19 22:37:03,040 - MaiaService.Utility.UserAuth - INFO - generate_auth_token() end.
2016-10-19 22:37:12,612 - MaiaService.Utility.UserAuth - INFO - verify_password() start.
2016-10-19 22:37:12,613 - MaiaService.Utility.UserAuth - INFO - verify_auth_token() start.
2016-10-19 22:37:12,764 - MaiaService.Entity.Users - INFO - update_user() start.
2016-10-19 22:37:12,766 - MaiaService.Entity.Users - INFO - update_user() end.
2016-10-19 22:37:12,768 - MaiaService.Utility.UserAuth - INFO - User: [yaochenxu ]Longin Successful.
2016-10-19 22:37:12,768 - MaiaService.Utility.UserAuth - INFO - verify_password() end.
2016-10-19 22:37:12,768 - MaiaService.BL.GetNextPageFlag - INFO - get_next_page_flag() start.
2016-10-19 22:37:12,777 - MaiaService.BL.GetNextPageFlag - INFO - get_next_page_flag() end.
2016-10-19 22:37:51,702 - MaiaService.Utility.UserAuth - INFO - verify_password() start.
2016-10-19 22:37:51,704 - MaiaService.Utility.UserAuth - INFO - verify_auth_token() start.
2016-10-19 22:37:51,852 - MaiaService.Entity.Users - INFO - update_user() start.
2016-10-19 22:37:51,854 - MaiaService.Entity.Users - INFO - update_user() end.
2016-10-19 22:37:51,856 - MaiaService.Utility.UserAuth - INFO - User: [yaochenxu ]Longin Successful.
2016-10-19 22:37:51,857 - MaiaService.Utility.UserAuth - INFO - verify_password() end.
2016-10-19 22:37:51,857 - MaiaService.BL.GetEmployeeInfo - INFO - get_employee_info() start.
2016-10-19 22:37:51,860 - MaiaService.BL.GetEmployeeInfo - ERROR - 'NoneType' object has no attribute 'strftime'
2016-10-19 22:41:51,940 - MaiaService.Utility.UserAuth - INFO - verify_password() start.
2016-10-19 22:41:51,941 - MaiaService.Utility.UserAuth - INFO - verify_auth_token() start.
2016-10-19 22:41:52,103 - MaiaService.Entity.Users - INFO - update_user() start.
2016-10-19 22:41:52,105 - MaiaService.Entity.Users - INFO - update_user() end.
2016-10-19 22:41:52,107 - MaiaService.Utility.UserAuth - INFO - User: [yaochenxu ]Longin Successful.
2016-10-19 22:41:52,107 - MaiaService.Utility.UserAuth - INFO - verify_password() end.
2016-10-19 22:41:52,108 - MaiaService.BL.GetAttendanceInfo - INFO - get_attendance_info_by_year_month() start.
2016-10-19 22:41:52,111 - MaiaService.BL.GetAttendanceInfo - ERROR - 'NoneType' object has no attribute 'strftime'
2016-10-19 22:42:06,253 - MaiaService.Utility.UserAuth - INFO - verify_password() start.
2016-10-19 22:42:06,254 - MaiaService.Utility.UserAuth - INFO - verify_auth_token() start.
2016-10-19 22:42:06,415 - MaiaService.Entity.Users - INFO - update_user() start.
2016-10-19 22:42:06,417 - MaiaService.Entity.Users - INFO - update_user() end.
2016-10-19 22:42:06,419 - MaiaService.Utility.UserAuth - INFO - User: [yaochenxu ]Longin Successful.
2016-10-19 22:42:06,419 - MaiaService.Utility.UserAuth - INFO - verify_password() end.
2016-10-19 22:42:06,419 - MaiaService.BL.InsertAttendanceInfo - INFO - put_attendance_info() start.
2016-10-19 22:42:06,427 - MaiaService.Entity.Attendances - INFO - add_attendances() start.
2016-10-19 22:42:06,430 - MaiaService.BL.InsertAttendanceInfo - ERROR - (_mysql_exceptions.IntegrityError) (1062, "Duplicate entry 'M001-2016-10-19' for key 'PRIMARY'") [SQL: u'INSERT INTO attendances (dispatch_id, date, employee_id, start_time, report_start_time, start_longitude, start_latitude, start_spot_name, end_time, report_end_time, end_longitude, end_latitude, end_spot_name, exclusive_minutes, total_minutes, vacation_id, modification_log, create_by, create_at, update_by, update_at) VALUES (%s, %s, %s, %s, %s, %s, %s, %s, %s, %s, %s, %s, %s, %s, %s, %s, %s, %s, %s, %s, %s)'] [parameters: ('M001', datetime.datetime(2016, 10, 19, 22, 42, 6, 427429), 'MA00001', datetime.datetime(2016, 10, 19, 22, 42, 6, 427442), None, 35.67, 139.84, '\xe6\x9d\xb1\xe4\xba\xac\xe9\x83\xbd\xe6\xb1\x9f\xe6\x9d\xb1\xe3\x81\x8f', None, None, None, None, None, None, None, None, None, 'MA00001', datetime.datetime(2016, 10, 19, 22, 42, 6, 427652), 'MA00001', datetime.datetime(2016, 10, 19, 22, 42, 6, 427669))]
2016-10-19 22:42:16,225 - MaiaService.Utility.UserAuth - INFO - verify_password() start.
2016-10-19 22:42:16,225 - MaiaService.Utility.UserAuth - INFO - verify_auth_token() start.
2016-10-19 22:42:16,382 - MaiaService.Entity.Users - INFO - update_user() start.
2016-10-19 22:42:16,384 - MaiaService.Entity.Users - INFO - update_user() end.
2016-10-19 22:42:16,386 - MaiaService.Utility.UserAuth - INFO - User: [yaochenxu ]Longin Successful.
2016-10-19 22:42:16,386 - MaiaService.Utility.UserAuth - INFO - verify_password() end.
2016-10-19 22:42:16,387 - MaiaService.BL.UpdateAttendanceInfo - INFO - modify_attendance_info() start.
2016-10-19 22:42:16,389 - MaiaService.Entity.Attendances - INFO - update_attendances() start.
2016-10-19 22:42:16,392 - MaiaService.Entity.Attendances - INFO - update_attendances() end.
2016-10-19 22:42:16,392 - MaiaService.BL.UpdateAttendanceInfo - INFO - modify_attendance_info() end.
2016-10-19 22:42:26,470 - MaiaService.Utility.UserAuth - INFO - verify_password() start.
2016-10-19 22:42:26,470 - MaiaService.Utility.UserAuth - INFO - verify_auth_token() start.
2016-10-19 22:42:26,627 - MaiaService.Entity.Users - INFO - update_user() start.
2016-10-19 22:42:26,630 - MaiaService.Entity.Users - INFO - update_user() end.
2016-10-19 22:42:26,632 - MaiaService.Utility.UserAuth - INFO - User: [yaochenxu ]Longin Successful.
2016-10-19 22:42:26,633 - MaiaService.Utility.UserAuth - INFO - verify_password() end.
2016-10-19 22:42:26,633 - MaiaService.BL.GetEmployeeInfo - INFO - get_employee_info() start.
2016-10-19 22:42:26,636 - MaiaService.BL.GetEmployeeInfo - ERROR - 'NoneType' object has no attribute 'strftime'
2016-10-19 22:44:26,538 - MaiaService.Utility.UserAuth - INFO - verify_password() start.
2016-10-19 22:44:26,539 - MaiaService.Utility.UserAuth - INFO - verify_auth_token() start.
2016-10-19 22:44:26,809 - MaiaService.Entity.Users - INFO - update_user() start.
2016-10-19 22:44:26,813 - MaiaService.Entity.Users - INFO - update_user() end.
2016-10-19 22:44:26,815 - MaiaService.Utility.UserAuth - INFO - User: [yaochenxu ]Longin Successful.
2016-10-19 22:44:26,815 - MaiaService.Utility.UserAuth - INFO - verify_password() end.
2016-10-19 22:44:26,815 - MaiaService.BL.UpdateAttendanceInfo - INFO - modify_attendance_info() start.
2016-10-19 22:44:26,824 - MaiaService.Entity.Attendances - INFO - update_attendances() start.
2016-10-19 22:44:26,827 - MaiaService.Entity.Attendances - INFO - update_attendances() end.
2016-10-19 22:44:26,827 - MaiaService.BL.UpdateAttendanceInfo - INFO - modify_attendance_info() end.
2016-10-19 22:45:03,389 - MaiaService.Utility.UserAuth - INFO - verify_password() start.
2016-10-19 22:45:03,389 - MaiaService.Utility.UserAuth - INFO - verify_auth_token() start.
2016-10-19 22:45:03,547 - MaiaService.Entity.Users - INFO - update_user() start.
2016-10-19 22:45:03,550 - MaiaService.Entity.Users - INFO - update_user() end.
2016-10-19 22:45:03,552 - MaiaService.Utility.UserAuth - INFO - User: [yaochenxu ]Longin Successful.
2016-10-19 22:45:03,552 - MaiaService.Utility.UserAuth - INFO - verify_password() end.
2016-10-19 22:45:03,552 - MaiaService.BL.GetEmployeeInfo - INFO - get_employee_info() start.
2016-10-19 22:45:03,571 - MaiaService.BL.GetEmployeeInfo - INFO - get_employee_info() end.
2016-10-19 22:45:34,652 - MaiaService.Utility.UserAuth - INFO - verify_password() start.
2016-10-19 22:45:34,652 - MaiaService.Utility.UserAuth - INFO - verify_auth_token() start.
2016-10-19 22:45:34,821 - MaiaService.Entity.Users - INFO - update_user() start.
2016-10-19 22:45:34,823 - MaiaService.Entity.Users - INFO - update_user() end.
2016-10-19 22:45:34,825 - MaiaService.Utility.UserAuth - INFO - User: [yaochenxu ]Longin Successful.
2016-10-19 22:45:34,825 - MaiaService.Utility.UserAuth - INFO - verify_password() end.
2016-10-19 22:45:34,826 - MaiaService.BL.GetAttendanceInfo - INFO - get_attendance_info_by_year_month() start.
2016-10-19 22:45:34,829 - MaiaService.BL.GetAttendanceInfo - ERROR - 'NoneType' object has no attribute 'strftime'
2016-10-19 22:52:03,395 - MaiaService.Utility.UserAuth - INFO - verify_password() start.
2016-10-19 22:52:03,398 - MaiaService.Utility.UserAuth - INFO - verify_auth_token() start.
2016-10-19 22:52:03,617 - MaiaService.Entity.Users - INFO - update_user() start.
2016-10-19 22:52:03,621 - MaiaService.Entity.Users - INFO - update_user() end.
2016-10-19 22:52:03,623 - MaiaService.Utility.UserAuth - INFO - User: [yaochenxu ]Longin Successful.
2016-10-19 22:52:03,623 - MaiaService.Utility.UserAuth - INFO - verify_password() end.
2016-10-19 22:52:03,623 - MaiaService.BL.GetEmployeeInfo - INFO - get_employee_info() start.
2016-10-19 22:52:03,647 - MaiaService.BL.GetEmployeeInfo - INFO - get_employee_info() end.
2016-10-19 22:52:13,046 - MaiaService.Utility.UserAuth - INFO - verify_password() start.
2016-10-19 22:52:13,047 - MaiaService.Utility.UserAuth - INFO - verify_auth_token() start.
2016-10-19 22:52:13,190 - MaiaService.Entity.Users - INFO - update_user() start.
2016-10-19 22:52:13,192 - MaiaService.Entity.Users - INFO - update_user() end.
2016-10-19 22:52:13,194 - MaiaService.Utility.UserAuth - INFO - User: [yaochenxu ]Longin Successful.
2016-10-19 22:52:13,194 - MaiaService.Utility.UserAuth - INFO - verify_password() end.
2016-10-19 22:52:13,194 - MaiaService.BL.GetEmployeeInfo - INFO - get_employee_info() start.
2016-10-19 22:52:13,201 - MaiaService.BL.GetEmployeeInfo - INFO - get_employee_info() end.
2016-10-19 23:00:44,542 - MaiaService.Utility.UserAuth - INFO - verify_password() start.
2016-10-19 23:00:44,542 - MaiaService.Utility.UserAuth - INFO - verify_auth_token() start.
2016-10-19 23:00:44,818 - MaiaService.Entity.Users - INFO - update_user() start.
2016-10-19 23:00:44,821 - MaiaService.Entity.Users - INFO - update_user() end.
2016-10-19 23:00:44,823 - MaiaService.Utility.UserAuth - INFO - User: [yaochenxu ]Longin Successful.
2016-10-19 23:00:44,823 - MaiaService.Utility.UserAuth - INFO - verify_password() end.
2016-10-19 23:00:44,823 - MaiaService.BL.GetAttendanceInfo - INFO - get_attendance_info_by_year_month() start.
2016-10-19 23:00:44,836 - MaiaService.BL.GetAttendanceInfo - ERROR - 'NoneType' object has no attribute 'strftime'
2016-10-19 23:03:23,159 - MaiaService.Utility.UserAuth - INFO - verify_password() start.
2016-10-19 23:03:23,159 - MaiaService.Utility.UserAuth - INFO - verify_auth_token() start.
2016-10-19 23:03:23,394 - MaiaService.Entity.Users - INFO - update_user() start.
2016-10-19 23:03:23,397 - MaiaService.Entity.Users - INFO - update_user() end.
2016-10-19 23:03:23,400 - MaiaService.Utility.UserAuth - INFO - User: [yaochenxu ]Longin Successful.
2016-10-19 23:03:23,400 - MaiaService.Utility.UserAuth - INFO - verify_password() end.
2016-10-19 23:03:23,400 - MaiaService.BL.GetAttendanceInfo - INFO - get_attendance_info_by_year_month() start.
2016-10-19 23:03:23,411 - MaiaService.BL.GetAttendanceInfo - ERROR - 'NoneType' object has no attribute 'strftime'
2016-10-19 23:04:05,184 - MaiaService.Utility.UserAuth - INFO - verify_password() start.
2016-10-19 23:04:05,185 - MaiaService.Utility.UserAuth - INFO - verify_auth_token() start.
2016-10-19 23:04:05,419 - MaiaService.Entity.Users - INFO - update_user() start.
2016-10-19 23:04:05,423 - MaiaService.Entity.Users - INFO - update_user() end.
2016-10-19 23:04:05,425 - MaiaService.Utility.UserAuth - INFO - User: [yaochenxu ]Longin Successful.
2016-10-19 23:04:05,425 - MaiaService.Utility.UserAuth - INFO - verify_password() end.
2016-10-19 23:04:05,425 - MaiaService.BL.GetAttendanceInfo - INFO - get_attendance_info_by_year_month() start.
2016-10-19 23:04:05,434 - MaiaService.BL.GetAttendanceInfo - ERROR - unsupported operand type(s) for +: 'long' and 'NoneType'
2016-10-19 23:05:38,913 - MaiaService.Utility.UserAuth - INFO - verify_password() start.
2016-10-19 23:05:38,913 - MaiaService.Utility.UserAuth - INFO - verify_auth_token() start.
2016-10-19 23:05:39,147 - MaiaService.Entity.Users - INFO - update_user() start.
2016-10-19 23:05:39,150 - MaiaService.Entity.Users - INFO - update_user() end.
2016-10-19 23:05:39,153 - MaiaService.Utility.UserAuth - INFO - User: [yaochenxu ]Longin Successful.
2016-10-19 23:05:39,153 - MaiaService.Utility.UserAuth - INFO - verify_password() end.
2016-10-19 23:05:39,153 - MaiaService.BL.GetAttendanceInfo - INFO - get_attendance_info_by_year_month() start.
2016-10-19 23:05:39,162 - MaiaService.BL.GetAttendanceInfo - ERROR - unsupported operand type(s) for +: 'long' and 'NoneType'
2016-10-19 23:06:40,263 - MaiaService.Utility.UserAuth - INFO - verify_password() start.
2016-10-19 23:06:40,263 - MaiaService.Utility.UserAuth - INFO - verify_auth_token() start.
2016-10-19 23:06:40,500 - MaiaService.Entity.Users - INFO - update_user() start.
2016-10-19 23:06:40,503 - MaiaService.Entity.Users - INFO - update_user() end.
2016-10-19 23:06:40,505 - MaiaService.Utility.UserAuth - INFO - User: [yaochenxu ]Longin Successful.
2016-10-19 23:06:40,505 - MaiaService.Utility.UserAuth - INFO - verify_password() end.
2016-10-19 23:06:40,505 - MaiaService.BL.GetAttendanceInfo - INFO - get_attendance_info_by_year_month() start.
2016-10-19 23:06:40,514 - MaiaService.BL.GetAttendanceInfo - INFO - 11111
2016-10-19 23:06:40,515 - MaiaService.BL.GetAttendanceInfo - INFO - aaaaa
2016-10-19 23:06:40,515 - MaiaService.BL.GetAttendanceInfo - INFO - 11111
2016-10-19 23:06:40,515 - MaiaService.BL.GetAttendanceInfo - INFO - aaaaa
2016-10-19 23:06:40,515 - MaiaService.BL.GetAttendanceInfo - INFO - 11111
2016-10-19 23:06:40,515 - MaiaService.BL.GetAttendanceInfo - INFO - aaaaa
2016-10-19 23:06:40,515 - MaiaService.BL.GetAttendanceInfo - INFO - 11111
2016-10-19 23:06:40,516 - MaiaService.BL.GetAttendanceInfo - INFO - aaaaa
2016-10-19 23:06:40,516 - MaiaService.BL.GetAttendanceInfo - ERROR - unsupported operand type(s) for +: 'long' and 'NoneType'
2016-10-19 23:08:48,044 - MaiaService.Utility.UserAuth - INFO - verify_password() start.
2016-10-19 23:08:48,044 - MaiaService.Utility.UserAuth - INFO - verify_auth_token() start.
2016-10-19 23:08:48,292 - MaiaService.Entity.Users - INFO - update_user() start.
2016-10-19 23:08:48,295 - MaiaService.Entity.Users - INFO - update_user() end.
2016-10-19 23:08:48,297 - MaiaService.Utility.UserAuth - INFO - User: [yaochenxu ]Longin Successful.
2016-10-19 23:08:48,298 - MaiaService.Utility.UserAuth - INFO - verify_password() end.
2016-10-19 23:08:48,298 - MaiaService.BL.GetAttendanceInfo - INFO - get_attendance_info_by_year_month() start.
2016-10-19 23:08:48,307 - MaiaService.BL.GetAttendanceInfo - INFO - 2016-10-10
2016-10-19 23:08:48,307 - MaiaService.BL.GetAttendanceInfo - INFO - 2016-10-11
2016-10-19 23:08:48,307 - MaiaService.BL.GetAttendanceInfo - INFO - 2016-10-13
2016-10-19 23:08:48,307 - MaiaService.BL.GetAttendanceInfo - INFO - 2016-10-16
2016-10-19 23:08:48,308 - MaiaService.BL.GetAttendanceInfo - ERROR - unsupported operand type(s) for +: 'long' and 'NoneType'
2016-10-19 23:13:39,259 - MaiaService.Utility.UserAuth - INFO - verify_password() start.
2016-10-19 23:13:39,259 - MaiaService.Utility.UserAuth - INFO - verify_auth_token() start.
2016-10-19 23:13:39,499 - MaiaService.Entity.Users - INFO - update_user() start.
2016-10-19 23:13:39,502 - MaiaService.Entity.Users - INFO - update_user() end.
2016-10-19 23:13:39,504 - MaiaService.Utility.UserAuth - INFO - User: [yaochenxu ]Longin Successful.
2016-10-19 23:13:39,504 - MaiaService.Utility.UserAuth - INFO - verify_password() end.
2016-10-19 23:13:39,504 - MaiaService.BL.GetAttendanceInfo - INFO - get_attendance_info_by_year_month() start.
2016-10-19 23:13:39,513 - MaiaService.BL.GetAttendanceInfo - ERROR - 'Attendance' object has no attribute 'report_exclusive_minutes'
2016-10-19 23:14:11,937 - MaiaService.Utility.UserAuth - INFO - verify_password() start.
2016-10-19 23:14:11,938 - MaiaService.Utility.UserAuth - INFO - verify_auth_token() start.
2016-10-19 23:14:12,176 - MaiaService.Entity.Users - INFO - update_user() start.
2016-10-19 23:14:12,179 - MaiaService.Entity.Users - INFO - update_user() end.
2016-10-19 23:14:12,181 - MaiaService.Utility.UserAuth - INFO - User: [yaochenxu ]Longin Successful.
2016-10-19 23:14:12,181 - MaiaService.Utility.UserAuth - INFO - verify_password() end.
2016-10-19 23:14:12,181 - MaiaService.BL.GetAttendanceInfo - INFO - get_attendance_info_by_year_month() start.
2016-10-19 23:14:12,190 - MaiaService.BL.GetAttendanceInfo - INFO - 2016-10-10
2016-10-19 23:14:12,190 - MaiaService.BL.GetAttendanceInfo - INFO - 2016-10-11
2016-10-19 23:14:12,191 - MaiaService.BL.GetAttendanceInfo - INFO - 2016-10-13
2016-10-19 23:14:12,191 - MaiaService.BL.GetAttendanceInfo - INFO - 2016-10-16
2016-10-19 23:14:12,191 - MaiaService.BL.GetAttendanceInfo - ERROR - unsupported operand type(s) for +: 'long' and 'NoneType'
2016-10-19 23:15:26,783 - MaiaService.Utility.UserAuth - INFO - verify_password() start.
2016-10-19 23:15:26,784 - MaiaService.Utility.UserAuth - INFO - verify_auth_token() start.
2016-10-19 23:15:27,024 - MaiaService.Entity.Users - INFO - update_user() start.
2016-10-19 23:15:27,027 - MaiaService.Entity.Users - INFO - update_user() end.
2016-10-19 23:15:27,029 - MaiaService.Utility.UserAuth - INFO - User: [yaochenxu ]Longin Successful.
2016-10-19 23:15:27,029 - MaiaService.Utility.UserAuth - INFO - verify_password() end.
2016-10-19 23:15:27,030 - MaiaService.BL.GetAttendanceInfo - INFO - get_attendance_info_by_year_month() start.
2016-10-19 23:15:27,038 - MaiaService.BL.GetAttendanceInfo - INFO - 2016-10-10
2016-10-19 23:15:27,038 - MaiaService.BL.GetAttendanceInfo - INFO - 2016-10-11
2016-10-19 23:15:27,039 - MaiaService.BL.GetAttendanceInfo - INFO - 2016-10-13
2016-10-19 23:15:27,039 - MaiaService.BL.GetAttendanceInfo - INFO - 2016-10-16
2016-10-19 23:15:27,039 - MaiaService.BL.GetAttendanceInfo - INFO - 2016-10-19
2016-10-19 23:15:27,039 - MaiaService.BL.GetAttendanceInfo - INFO - get_attendance_info_by_year_month() end.
2016-10-19 23:17:38,589 - MaiaService.Utility.UserAuth - INFO - verify_password() start.
2016-10-19 23:17:38,589 - MaiaService.Utility.UserAuth - INFO - verify_auth_token() start.
2016-10-19 23:17:38,820 - MaiaService.Entity.Users - INFO - update_user() start.
2016-10-19 23:17:38,823 - MaiaService.Entity.Users - INFO - update_user() end.
2016-10-19 23:17:38,826 - MaiaService.Utility.UserAuth - INFO - User: [yaochenxu ]Longin Successful.
2016-10-19 23:17:38,826 - MaiaService.Utility.UserAuth - INFO - verify_password() end.
2016-10-19 23:17:38,826 - MaiaService.BL.UpdateAttendanceInfo - INFO - modify_attendance_info() start.
2016-10-19 23:17:38,835 - MaiaService.Entity.Attendances - INFO - update_attendances() start.
2016-10-19 23:17:38,838 - MaiaService.Entity.Attendances - INFO - update_attendances() end.
2016-10-19 23:17:38,838 - MaiaService.BL.UpdateAttendanceInfo - INFO - modify_attendance_info() end.
